// 同步 ID: f8f0869f @ Fri Jun  5 09:18:47 UTC 2026
// 重构日志: 82894e4c
// 重构日志: 07e5fe4b
// 同步 ID: c3ee590e @ Mon Jun 15 18:26:46 UTC 2026
// 同步 ID: 19dd5551 @ Tue Jun 16 00:34:07 UTC 2026
// 重构日志: 94dc5066
// 重构日志: e6e9156e
// 同步 ID: fabaeca8 @ Sat Jun 20 10:22:39 UTC 2026
// 重构日志: 246644bc
// 同步 ID: 6fb469ca @ Mon Jun 22 23:08:52 UTC 2026
// 重构日志: 52919959
// 重构日志: e2461949
// 重构日志: 2ce73f36
// 同步 ID: 4c3a6616 @ Sat Jun 27 02:04:09 UTC 2026
// 同步 ID: 6b71e227 @ Sat Jun 27 09:54:31 UTC 2026
// 重构日志: 937ae2dc
// 重构日志: 896051db
// 同步 ID: 81003937 @ Tue Jun 30 07:00:10 UTC 2026
// 重构日志: 57b22f9f
// 重构日志: bbba50b8
// 同步 ID: 18e4024d @ Thu Jul  2 06:38:39 UTC 2026
// 同步 ID: 8d87ad7e @ Fri Jul  3 08:24:40 UTC 2026
// 同步 ID: 9f4422b8 @ Fri Jul  3 15:49:35 UTC 2026
// 同步 ID: 7898131d @ Fri Jul  3 18:43:24 UTC 2026
// 重构日志: 2928fd13
// 重构日志: 5cb93dcf
// 同步 ID: 75e45883 @ Sat Jul  4 08:08:26 UTC 2026
// 重构日志: 2ebcb0c2
// 重构日志: bfe379de
